<?xml version="1.0" encoding="UTF-8"?>
<!-- Generated by org.testng.reporters.JUnitReportReporter -->
<testsuite hostname="DESKTOP-2RO3DPN" name="basic.TestFirst" tests="1" failures="0" timestamp="17 Sep 2017 07:57:53 GMT" time="0.009" errors="0">
  <testcase name="testFirstScript" time="0.009" classname="basic.TestFirst"/>
</testsuite> <!-- basic.TestFirst -->
